<?xml version="1.0" encoding="UTF-8"?>
<!-- Generated by org.testng.reporters.JUnitReportReporter -->
<testsuite hostname="My_Dell" failures="0" tests="4" name="testLayer.TC1_LoginDDT_002" time="32.258" errors="0" timestamp="2024-01-03T11:59:18 EST" skipped="0">
  <testcase classname="testLayer.TC1_LoginDDT_002" name="Login" time="8.181"/>
  <system-out/>
  <testcase classname="testLayer.TC1_LoginDDT_002" name="Login" time="7.841"/>
  <system-out/>
  <testcase classname="testLayer.TC1_LoginDDT_002" name="Login" time="8.405"/>
  <system-out/>
  <testcase classname="testLayer.TC1_LoginDDT_002" name="Login" time="7.831"/>
  <system-out/>
</testsuite> <!-- testLayer.TC1_LoginDDT_002 -->
