<?xml version="1.0" encoding="UTF-8"?>
<!-- Generated by org.testng.reporters.JUnitReportReporter -->
<testsuite hostname="My_Dell" failures="0" tests="1" name="testLayer.TC5_NewAccount_006" time="6.823" errors="0" timestamp="2024-01-03T11:59:18 EST" skipped="0">
  <testcase classname="testLayer.TC5_NewAccount_006" name="createnewaccount" time="6.823"/>
  <system-out/>
</testsuite> <!-- testLayer.TC5_NewAccount_006 -->
