<?xml version="1.0" encoding="UTF-8"?>
<!-- Generated by org.testng.reporters.JUnitReportReporter -->
<testsuite hostname="My_Dell" failures="0" tests="1" name="testLayer.TC2_AddCustomerPage_003" time="18.933" errors="0" timestamp="2024-01-03T11:59:18 EST" skipped="0">
  <testcase classname="testLayer.TC2_AddCustomerPage_003" name="AddCustomer" time="18.933"/>
  <system-out/>
</testsuite> <!-- testLayer.TC2_AddCustomerPage_003 -->
